{
  "RSpec": {
    "coverage": {
      "/Users/millsprovosty/turing/all_mod_2/projects_mod_2/BookClub/config/environment.rb": [
        null,
        1,
        null,
        null,
        1
      ],
      "/Users/millsprovosty/turing/all_mod_2/projects_mod_2/BookClub/config/application.rb": [
        1,
        null,
        1,
        null,
        1,
        1,
        1,
        1,
        1,
        1,
        1,
        1,
        null,
        null,
        null,
        null,
        1,
        null,
        1,
        1,
        null,
        1,
        1,
        null,
        null,
        null,
        null,
        null,
        null,
        null,
        1,
        null,
        null
      ],
      "/Users/millsprovosty/turing/all_mod_2/projects_mod_2/BookClub/config/boot.rb": [
        1,
        null,
        1
      ],
      "/Users/millsprovosty/turing/all_mod_2/projects_mod_2/BookClub/config/environments/test.rb": [
        1,
        null,
        null,
        null,
        null,
        null,
        null,
        1,
        null,
        null,
        null,
        null,
        1,
        null,
        null,
        1,
        1,
        null,
        null,
        null,
        null,
        1,
        1,
        null,
        null,
        1,
        null,
        null,
        1,
        1,
        null,
        null,
        null,
        null,
        1,
        null,
        null,
        1,
        null,
        null,
        null,
        null
      ],
      "/Users/millsprovosty/turing/all_mod_2/projects_mod_2/BookClub/config/initializers/application_controller_renderer.rb": [
        null,
        null,
        null,
        null,
        null,
        null,
        null,
        null
      ],
      "/Users/millsprovosty/turing/all_mod_2/projects_mod_2/BookClub/config/initializers/assets.rb": [
        null,
        null,
        null,
        1,
        null,
        null,
        null,
        null,
        1,
        null,
        null,
        null,
        null,
        null
      ],
      "/Users/millsprovosty/turing/all_mod_2/projects_mod_2/BookClub/config/initializers/backtrace_silencers.rb": [
        null,
        null,
        null,
        null,
        null,
        null,
        null
      ],
      "/Users/millsprovosty/turing/all_mod_2/projects_mod_2/BookClub/config/initializers/cookies_serializer.rb": [
        null,
        null,
        null,
        null,
        1
      ],
      "/Users/millsprovosty/turing/all_mod_2/projects_mod_2/BookClub/config/initializers/filter_parameter_logging.rb": [
        null,
        null,
        null,
        1
      ],
      "/Users/millsprovosty/turing/all_mod_2/projects_mod_2/BookClub/config/initializers/inflections.rb": [
        null,
        null,
        null,
        null,
        null,
        null,
        null,
        null,
        null,
        null,
        null,
        null,
        null,
        null,
        null,
        null
      ],
      "/Users/millsprovosty/turing/all_mod_2/projects_mod_2/BookClub/config/initializers/mime_types.rb": [
        null,
        null,
        null,
        null
      ],
      "/Users/millsprovosty/turing/all_mod_2/projects_mod_2/BookClub/config/initializers/wrap_parameters.rb": [
        null,
        null,
        null,
        null,
        null,
        null,
        1,
        2,
        null,
        null,
        null,
        null,
        null,
        null
      ],
      "/Users/millsprovosty/turing/all_mod_2/projects_mod_2/BookClub/config/routes.rb": [
        1,
        1,
        null,
        1,
        null,
        null,
        null,
        1,
        1,
        null,
        1,
        1,
        1,
        1,
        1,
        null,
        1,
        1,
        null
      ],
      "/Users/millsprovosty/turing/all_mod_2/projects_mod_2/BookClub/app/helpers/application_helper.rb": [
        1,
        null
      ],
      "/Users/millsprovosty/turing/all_mod_2/projects_mod_2/BookClub/spec/support/factory_bot.rb": [
        1,
        1,
        null
      ],
      "/Users/millsprovosty/turing/all_mod_2/projects_mod_2/BookClub/spec/features/authors/author_shows_top_review_spec.rb": [
        1,
        null,
        1,
        1,
        1,
        1,
        1,
        null,
        1,
        null,
        1,
        null,
        1,
        null,
        null,
        1,
        1,
        1,
        1,
        null,
        null,
        null
      ],
      "/Users/millsprovosty/turing/all_mod_2/projects_mod_2/BookClub/spec/features/authors/delete_spec.rb": [
        1,
        null,
        1,
        1,
        1,
        1,
        1,
        1,
        null,
        1,
        null,
        null,
        null,
        1,
        null,
        1,
        null,
        1,
        null,
        1,
        null,
        1,
        1,
        1,
        1,
        null,
        null,
        null
      ],
      "/Users/millsprovosty/turing/all_mod_2/projects_mod_2/BookClub/spec/features/authors/show_page_spec.rb": [
        1,
        null,
        1,
        1,
        1,
        null,
        2,
        null,
        2,
        2,
        null,
        2,
        2,
        null,
        null,
        1,
        1,
        null,
        1,
        null,
        1,
        1,
        1,
        1,
        1,
        null,
        null,
        1,
        1,
        1,
        1,
        1,
        null,
        null,
        1,
        1,
        1,
        1,
        1,
        null,
        null,
        null,
        1,
        1,
        null,
        1,
        1,
        null,
        null,
        1,
        1,
        null,
        null,
        null,
        null
      ],
      "/Users/millsprovosty/turing/all_mod_2/projects_mod_2/BookClub/spec/features/books/book_index_average_rating_spec.rb": [
        1,
        null,
        1,
        1,
        1,
        1,
        null,
        1,
        1,
        1,
        1,
        null,
        null,
        1,
        1,
        1,
        1,
        1,
        null,
        null,
        null,
        null
      ],
      "/Users/millsprovosty/turing/all_mod_2/projects_mod_2/BookClub/spec/features/books/book_index_sorting_spec.rb": [
        1,
        null,
        1,
        1,
        4,
        4,
        4,
        4,
        null,
        4,
        4,
        4,
        4,
        null,
        4,
        4,
        4,
        null,
        4,
        4,
        null,
        null,
        4,
        null,
        4,
        null,
        null,
        1,
        null,
        1,
        1,
        null,
        1,
        1,
        1,
        1,
        1,
        null,
        1,
        1,
        1,
        null,
        null,
        null,
        1,
        1,
        null,
        null,
        1,
        1,
        1,
        1,
        1,
        null,
        1,
        1,
        1,
        null,
        null,
        null,
        1,
        1,
        null,
        1,
        1,
        1,
        1,
        1,
        null,
        1,
        1,
        1,
        null,
        null,
        1,
        null,
        1,
        1,
        1,
        1,
        1,
        null,
        1,
        1,
        1,
        null,
        null,
        null,
        1,
        1,
        null,
        1,
        1,
        1,
        1,
        1,
        null,
        1,
        1,
        1,
        null,
        null,
        1,
        null,
        1,
        1,
        1,
        1,
        1,
        null,
        1,
        1,
        1,
        null,
        null,
        null,
        null
      ],
      "/Users/millsprovosty/turing/all_mod_2/projects_mod_2/BookClub/spec/features/books/book_index_statistics_spec.rb": [
        1,
        null,
        1,
        1,
        1,
        1,
        1,
        1,
        1,
        null,
        1,
        1,
        1,
        1,
        null,
        1,
        1,
        1,
        null,
        1,
        1,
        null,
        null,
        1,
        null,
        null,
        1,
        1,
        null,
        1,
        1,
        1,
        1,
        1,
        1,
        1,
        null,
        null,
        1,
        1,
        1,
        1,
        null,
        null,
        1,
        1,
        1,
        1,
        null,
        null,
        null,
        null
      ],
      "/Users/millsprovosty/turing/all_mod_2/projects_mod_2/BookClub/spec/features/books/book_show_page_statistics_spec.rb": [
        1,
        null,
        1,
        1,
        1,
        3,
        3,
        null,
        3,
        3,
        3,
        3,
        null,
        null,
        1,
        1,
        null,
        1,
        1,
        1,
        1,
        null,
        1,
        1,
        1,
        null,
        1,
        1,
        1,
        null,
        null,
        null,
        1,
        1,
        null,
        1,
        1,
        1,
        1,
        null,
        1,
        1,
        1,
        null,
        1,
        1,
        1,
        null,
        null,
        null,
        1,
        1,
        1,
        null,
        1,
        null,
        null,
        null,
        null
      ],
      "/Users/millsprovosty/turing/all_mod_2/projects_mod_2/BookClub/spec/features/books/delete_spec.rb": [
        1,
        null,
        1,
        1,
        1,
        1,
        1,
        null,
        1,
        null,
        1,
        null,
        1,
        null,
        null,
        null,
        null
      ],
      "/Users/millsprovosty/turing/all_mod_2/projects_mod_2/BookClub/spec/features/books/index_spec.rb": [
        1,
        null,
        1,
        1,
        2,
        2,
        null,
        2,
        2,
        null,
        2,
        null,
        null,
        1,
        1,
        1,
        1,
        1,
        1,
        1,
        1,
        null,
        null,
        1,
        1,
        1,
        1,
        1,
        null,
        null,
        null,
        1,
        1,
        null,
        1,
        null,
        1,
        null,
        null
      ],
      "/Users/millsprovosty/turing/all_mod_2/projects_mod_2/BookClub/spec/features/books/new_book_spec.rb": [
        1,
        null,
        1,
        1,
        1,
        1,
        1,
        1,
        null,
        1,
        1,
        1,
        1,
        null,
        1,
        1,
        null,
        1,
        1,
        null,
        1,
        null,
        1,
        null,
        1,
        1,
        null,
        1,
        1,
        null,
        null,
        null,
        1,
        1,
        1,
        1,
        1,
        1,
        1,
        null,
        1,
        null,
        1,
        null,
        1,
        1,
        null,
        null,
        1,
        1,
        null,
        1,
        null,
        1,
        1,
        1,
        1,
        1,
        null,
        1,
        null,
        1,
        1,
        null,
        null,
        1,
        1,
        null,
        1,
        1,
        1,
        1,
        1,
        null,
        1,
        null,
        1,
        null,
        1,
        null,
        1,
        1,
        1,
        1,
        1,
        null,
        1,
        null,
        1,
        null,
        1,
        null,
        1,
        1,
        1,
        1,
        1,
        1,
        null,
        1,
        null,
        1,
        null,
        null,
        1,
        1,
        null,
        1,
        1,
        1,
        1,
        1,
        null,
        1,
        null,
        1,
        null,
        1,
        null,
        null,
        null
      ],
      "/Users/millsprovosty/turing/all_mod_2/projects_mod_2/BookClub/spec/features/books/show_spec.rb": [
        1,
        null,
        1,
        1,
        1,
        2,
        null,
        2,
        2,
        null,
        2,
        2,
        2,
        null,
        null,
        1,
        1,
        null,
        1,
        1,
        1,
        1,
        1,
        null,
        1,
        null,
        null,
        null,
        1,
        1,
        null,
        1,
        1,
        1,
        1,
        1,
        null,
        null,
        1,
        1,
        null,
        null,
        1,
        1,
        null,
        null,
        null,
        null
      ],
      "/Users/millsprovosty/turing/all_mod_2/projects_mod_2/BookClub/spec/features/nav_bar/navigation_index_spec.rb": [
        1,
        1,
        1,
        1,
        1,
        null,
        1,
        null,
        1,
        null,
        1,
        null,
        1,
        null,
        null
      ],
      "/Users/millsprovosty/turing/all_mod_2/projects_mod_2/BookClub/spec/features/reviews/delete_review_spec.rb": [
        1,
        null,
        1,
        1,
        1,
        1,
        1,
        null,
        1,
        1,
        null,
        1,
        1,
        null,
        1,
        null,
        1,
        1,
        null,
        null,
        null,
        1,
        1,
        1,
        null,
        null,
        1,
        null,
        1,
        1,
        null,
        null,
        null
      ],
      "/Users/millsprovosty/turing/all_mod_2/projects_mod_2/BookClub/spec/features/reviews/new_review_spec.rb": [
        1,
        null,
        1,
        1,
        1,
        2,
        null,
        2,
        null,
        2,
        null,
        null,
        1,
        1,
        null,
        1,
        null,
        1,
        1,
        1,
        1,
        null,
        1,
        null,
        1,
        1,
        1,
        1,
        1,
        1,
        1,
        null,
        null,
        1,
        1,
        null,
        null,
        null,
        null,
        null,
        1,
        1,
        1,
        1,
        null,
        1,
        null,
        1,
        null,
        1,
        1,
        1,
        1,
        null,
        1,
        null,
        1,
        null,
        null,
        null,
        null
      ],
      "/Users/millsprovosty/turing/all_mod_2/projects_mod_2/BookClub/spec/features/reviews/review_index_spec.rb": [
        1,
        null,
        1,
        1,
        1,
        2,
        2,
        null,
        2,
        2,
        null,
        2,
        2,
        2,
        null,
        2,
        null,
        2,
        2,
        null,
        null,
        null,
        1,
        null,
        1,
        null,
        null,
        1,
        1,
        1,
        1,
        1,
        1,
        1,
        null,
        null,
        1,
        1,
        1,
        1,
        1,
        1,
        1,
        null,
        null,
        null,
        1,
        1,
        null,
        null,
        null
      ],
      "/Users/millsprovosty/turing/all_mod_2/projects_mod_2/BookClub/spec/features/reviews/review_sort_spec.rb": [
        1,
        null,
        1,
        1,
        1,
        2,
        2,
        null,
        2,
        2,
        null,
        2,
        null,
        null,
        null,
        1,
        1,
        null,
        1,
        null,
        null,
        1,
        1,
        null,
        1,
        null,
        null,
        null
      ],
      "/Users/millsprovosty/turing/all_mod_2/projects_mod_2/BookClub/spec/features/reviews/user_links_spec.rb": [
        1,
        null,
        1,
        1,
        1,
        1,
        1,
        1,
        null,
        null,
        1,
        1,
        null,
        1,
        null,
        1,
        null,
        1,
        null,
        1,
        1,
        null,
        null,
        1,
        null,
        1,
        null,
        1,
        null,
        1,
        null,
        null,
        null
      ],
      "/Users/millsprovosty/turing/all_mod_2/projects_mod_2/BookClub/spec/models/author_spec.rb": [
        1,
        null,
        1,
        1,
        2,
        2,
        null,
        null,
        null,
        null,
        null,
        null,
        null,
        null,
        null,
        null,
        null,
        null,
        null,
        null,
        null,
        null
      ],
      "/Users/millsprovosty/turing/all_mod_2/projects_mod_2/BookClub/app/models/author.rb": [
        1,
        1,
        1,
        null,
        null
      ],
      "/Users/millsprovosty/turing/all_mod_2/projects_mod_2/BookClub/app/models/application_record.rb": [
        1,
        1,
        null
      ],
      "/Users/millsprovosty/turing/all_mod_2/projects_mod_2/BookClub/spec/models/book_author_spec.rb": [
        1,
        null,
        1,
        1,
        2,
        2,
        null,
        null,
        null,
        null,
        null,
        null,
        null,
        null,
        null,
        null,
        null,
        null,
        null,
        null,
        null,
        null
      ],
      "/Users/millsprovosty/turing/all_mod_2/projects_mod_2/BookClub/app/models/book_author.rb": [
        1,
        1,
        1,
        null
      ],
      "/Users/millsprovosty/turing/all_mod_2/projects_mod_2/BookClub/spec/models/book_spec.rb": [
        1,
        null,
        1,
        1,
        2,
        2,
        2,
        null,
        null,
        1,
        2,
        2,
        2,
        null,
        2,
        2,
        null,
        2,
        2,
        null,
        null,
        null,
        null,
        1,
        1,
        1,
        1,
        null,
        1,
        1,
        null,
        1,
        null,
        null,
        1,
        1,
        1,
        null,
        null,
        null,
        1,
        1,
        1,
        null,
        1,
        1,
        null,
        1,
        null,
        null,
        1,
        1,
        null,
        1,
        1,
        1,
        1,
        null,
        1,
        null,
        null,
        1,
        1,
        null,
        1,
        1,
        1,
        1,
        null,
        1,
        null,
        null,
        1,
        1,
        null,
        1,
        1,
        null,
        1,
        null,
        null,
        null,
        1,
        1,
        1,
        1,
        1,
        null,
        1,
        null,
        null,
        1,
        1,
        1,
        1,
        null,
        1,
        null,
        null,
        1,
        1,
        1,
        null,
        1,
        1,
        null,
        1,
        null,
        1,
        null,
        null,
        1,
        1,
        1,
        null,
        1,
        1,
        null,
        1,
        null,
        1,
        null,
        null,
        1,
        1,
        1,
        1,
        1,
        null,
        1,
        null,
        1,
        null,
        1,
        null,
        1,
        null,
        1,
        null,
        null,
        1,
        1,
        1,
        1,
        1,
        null,
        1,
        null,
        1,
        null,
        1,
        null,
        1,
        null,
        1,
        null,
        null,
        1,
        1,
        1,
        1,
        1,
        null,
        1,
        null,
        1,
        null,
        1,
        null,
        1,
        null,
        1,
        null,
        null,
        1,
        1,
        1,
        1,
        1,
        null,
        1,
        null,
        1,
        null,
        1,
        null,
        1,
        null,
        1,
        null,
        null,
        null
      ],
      "/Users/millsprovosty/turing/all_mod_2/projects_mod_2/BookClub/app/models/book.rb": [
        1,
        1,
        1,
        1,
        null,
        null,
        1,
        1,
        1,
        null,
        1,
        null,
        1,
        104,
        null,
        null,
        1,
        104,
        2,
        null,
        null,
        null,
        1,
        60,
        null,
        null,
        1,
        151,
        null,
        null,
        1,
        18,
        null,
        null,
        1,
        18,
        null,
        null,
        1,
        23,
        null,
        null,
        1,
        2,
        null,
        null,
        1,
        2,
        null,
        null,
        1,
        2,
        2,
        null,
        null,
        1,
        2,
        2,
        null,
        null,
        1,
        28,
        null,
        null,
        1,
        28,
        null,
        null,
        null,
        1,
        2,
        null,
        null,
        1,
        2,
        null,
        null
      ],
      "/Users/millsprovosty/turing/all_mod_2/projects_mod_2/BookClub/spec/models/review_spec.rb": [
        1,
        null,
        1,
        1,
        2,
        null,
        null,
        1,
        null,
        null,
        null,
        1,
        1,
        1,
        null,
        1,
        null,
        1,
        null,
        1,
        null,
        null,
        null,
        1,
        1,
        1,
        1,
        1,
        1,
        null,
        1,
        1,
        1,
        1,
        null,
        1,
        1,
        1,
        null,
        1,
        1,
        null,
        null,
        1,
        null,
        1,
        1,
        1,
        1,
        null,
        1,
        1,
        1,
        null,
        null,
        1,
        1,
        null,
        1,
        1,
        1,
        null,
        1,
        null,
        null,
        1,
        1,
        null,
        1,
        1,
        1,
        null,
        1,
        null,
        null,
        null,
        null
      ],
      "/Users/millsprovosty/turing/all_mod_2/projects_mod_2/BookClub/app/models/review.rb": [
        1,
        1,
        1,
        null,
        null,
        1,
        141,
        null,
        null,
        1,
        33,
        null,
        null,
        1,
        2,
        null,
        null,
        1,
        2,
        null,
        null
      ],
      "/Users/millsprovosty/turing/all_mod_2/projects_mod_2/BookClub/app/controllers/books_controller.rb": [
        1,
        1,
        27,
        1,
        26,
        1,
        25,
        1,
        24,
        1,
        23,
        1,
        22,
        1,
        null,
        21,
        null,
        null,
        27,
        27,
        27,
        null,
        null,
        1,
        7,
        7,
        null,
        null,
        1,
        17,
        17,
        17,
        null,
        null,
        1,
        1,
        1,
        1,
        null,
        null,
        1,
        7,
        7,
        null,
        null,
        null,
        7,
        13,
        13,
        null,
        null,
        7,
        7,
        null,
        null,
        1,
        1,
        35,
        null,
        null
      ],
      "/Users/millsprovosty/turing/all_mod_2/projects_mod_2/BookClub/app/controllers/application_controller.rb": [
        1,
        1,
        null
      ],
      "/Users/millsprovosty/turing/all_mod_2/projects_mod_2/BookClub/app/controllers/authors_controller.rb": [
        1,
        1,
        7,
        null,
        null,
        null,
        1,
        1,
        1,
        1,
        1,
        1,
        null,
        null
      ],
      "/Users/millsprovosty/turing/all_mod_2/projects_mod_2/BookClub/app/controllers/home_controller.rb": [
        1,
        1,
        null,
        null
      ],
      "/Users/millsprovosty/turing/all_mod_2/projects_mod_2/BookClub/app/controllers/reviews_controller.rb": [
        1,
        1,
        11,
        1,
        1,
        null,
        10,
        1,
        1,
        null,
        9,
        null,
        11,
        null,
        null,
        1,
        3,
        3,
        null,
        null,
        1,
        3,
        3,
        2,
        null,
        3,
        null,
        null,
        1,
        1,
        1,
        null,
        null,
        1,
        1,
        5,
        null,
        null
      ]
    },
    "timestamp": 1560888438
  }
}
